Build started 2016-05-27 23:02:09.
     1>Project "c:\Users\Bartosz\documents\visual studio 2013\Projects\MBTI\MBTI.vcxproj" on node 2 (Build target(s)).
     1>ClCompile:
         C:\Program Files (x86)\Microsoft Visual Studio 12.0\VC\bin\CL.exe /c /AI"C:\Program Files (x86)\Reference Assemblies\Microsoft\Framework\.NETFramework\v4.5\\" /AI"C:\Program Files (x86)\Windows Kits\8.1\References\CommonConfiguration\Neutral" /AI"C:\Program Files (x86)\Reference Assemblies\Microsoft\Framework\.NETFramework\v4.5\Facades\\" /Zi /clr:pure /nologo /W3 /WX- /Od /Oy- /D WIN32 /D _DEBUG /D _UNICODE /D UNICODE /EHa /MDd /GS /fp:precise /Zc:wchar_t /Zc:forScope /Yu"stdafx.h" /Fp"Debug\MBTI.pch" /Fo"Debug\\" /Fd"Debug\vc120.pdb" /TP /FU"C:\Program Files (x86)\Reference Assemblies\Microsoft\Framework\.NETFramework\v4.5\mscorlib.dll" /FU"C:\Program Files (x86)\Reference Assemblies\Microsoft\Framework\.NETFramework\v4.5\System.Data.dll" /FU"C:\Program Files (x86)\Reference Assemblies\Microsoft\Framework\.NETFramework\v4.5\System.dll" /FU"C:\Program Files (x86)\Reference Assemblies\Microsoft\Framework\.NETFramework\v4.5\System.Drawing.dll" /FU"C:\Program Files (x86)\Reference Assemblies\Microsoft\Framework\.NETFramework\v4.5\System.Windows.Forms.dll" /FU"C:\Program Files (x86)\Reference Assemblies\Microsoft\Framework\.NETFramework\v4.5\System.Xml.dll" /analyze- /errorReport:prompt /clr:nostdlib Form2.cpp WindowsFormApplication1.cpp
         Form2.cpp
         WindowsFormApplication1.cpp
     1>c:\users\bartosz\documents\visual studio 2013\projects\mbti\Form1.h(43): warning C4677: 'personality': signature of non-private member contains assembly private type 'Personality'
                 c:\users\bartosz\documents\visual studio 2013\projects\mbti\Personality.h(5) : see declaration of 'Personality'
         Generating Code...
       Link:
         C:\Program Files (x86)\Microsoft Visual Studio 12.0\VC\bin\link.exe /ERRORREPORT:PROMPT /OUT:"c:\users\bartosz\documents\visual studio 2013\Projects\MBTI\Debug\MBTI.exe" /INCREMENTAL /NOLOGO /ASSEMBLYRESOURCE:Debug\MBTI.Form1.resources /ASSEMBLYRESOURCE:Debug\MBTI.Form2.resources /MANIFEST /MANIFESTUAC:"level='asInvoker' uiAccess='false'" /manifest:embed /DEBUG /PDB:"c:\users\bartosz\documents\visual studio 2013\Projects\MBTI\Debug\MBTI.pdb" /ASSEMBLYDEBUG /SUBSYSTEM:WINDOWS /TLBID:1 /ENTRY:"main" /DYNAMICBASE /FIXED:NO /NXCOMPAT /MACHINE:X86 Debug\app.res
         Debug\AssemblyInfo.obj
         Debug\Form2.obj
         Debug\Personality.obj
         Debug\stdafx.obj
         Debug\WindowsFormApplication1.obj
         "Debug\.NETFramework,Version=v4.5.AssemblyAttributes.obj"
         MBTI.vcxproj -> c:\users\bartosz\documents\visual studio 2013\Projects\MBTI\Debug\MBTI.exe
     1>Done Building Project "c:\Users\Bartosz\documents\visual studio 2013\Projects\MBTI\MBTI.vcxproj" (Build target(s)).

Build succeeded.

Time Elapsed 00:00:01.43
